2011-10-08 14:46:50,751 - os.name - Linux
2011-10-08 14:46:50,752 - os.arch - i386
2011-10-08 14:46:50,752 - os.version - 2.6.38-11-generic-pae
2011-10-08 14:46:50,752 - java.version - 1.6.0_22
2011-10-08 14:46:50,752 - java.vendor - Sun Microsystems Inc.
2011-10-08 14:46:50,752 - java.vendor.url - http://java.sun.com/
2011-10-08 14:46:50,752 - java.home - /usr/lib/jvm/java-6-openjdk/jre
2011-10-08 14:46:50,752 - java.vm.specification.name - Java Virtual Machine Specification
2011-10-08 14:46:50,753 - java.vm.specification.vendor - Sun Microsystems Inc.
2011-10-08 14:46:50,753 - java.vm.specification.version - 1.0
2011-10-08 14:46:50,753 - java.class.path - /home/ricardo/Dev/eclipse-helios-jee-android-motodev//plugins/org.eclipse.equinox.launcher_1.1.1.R36x_v20101122_1400.jar
2011-10-08 14:46:50,753 - java.library.path - /usr/lib/jvm/java-6-openjdk/jre/lib/i386/client:/usr/lib/jvm/java-6-openjdk/jre/lib/i386::/usr/java/packages/lib/i386:/usr/lib/i386-linux-gnu/jni:/lib/i386-linux-gnu:/usr/lib/i386-linux-gnu:/usr/lib/jni:/lib:/usr/lib
2011-10-08 14:46:50,753 - --------------------------------------
2011-10-08 14:46:50,753 - ## Eclipse Plug-ins Log Information ##
2011-10-08 14:46:50,753 - --------------------------------------
2011-10-08 14:46:50,805 - org.eclipse.datatools.connectivity.oda.design.ui - 3.2.4.v201012150951
2011-10-08 14:46:50,805 - org.eclipse.datatools.connectivity.oda.flatfile.ui - 3.1.1.v201101261130
2011-10-08 14:46:50,806 - org.eclipse.datatools.connectivity.ui.dse - 1.1.4.v201004270430
2011-10-08 14:46:50,806 - org.eclipse.datatools.connectivity.ui - 1.2.1.v201010211415
2011-10-08 14:46:50,806 - org.eclipse.datatools.connectivity.sqm.core - 1.2.1.v201010090204
2011-10-08 14:46:50,807 - org.eclipse.datatools.help - 1.5.0.v200906020553
2011-10-08 14:46:50,877 - org.eclipse.mylyn.wikitext.core - 1.3.1.v20100823-0100-e3x
2011-10-08 14:46:50,877 - org.eclipse.mylyn.wikitext.textile.core - 1.3.0.v20100608-0100-e3x
2011-10-08 14:46:50,877 - org.eclipse.mylyn.wikitext.mediawiki.core - 1.3.0.v20100608-0100-e3x
2011-10-08 14:46:50,877 - org.eclipse.mylyn.wikitext.confluence.core - 1.3.0.v20100608-0100-e3x
2011-10-08 14:46:50,877 - org.eclipse.mylyn.wikitext.tracwiki.core - 1.3.0.v20100608-0100-e3x
2011-10-08 14:46:50,877 - org.eclipse.mylyn.wikitext.twiki.core - 1.3.0.v20100608-0100-e3x
2011-10-08 14:46:50,877 - org.eclipse.mylyn.wikitext.ui - 1.3.0.v20100608-0100-e3x
2011-10-08 14:46:50,877 - org.eclipse.mylyn.wikitext.help.ui - 1.3.0.v20100608-0100-e3x
2011-10-08 14:46:50,878 - org.eclipse.mylyn.wikitext.textile.ui - 1.3.0.v20100608-0100-e3x
2011-10-08 14:46:50,878 - org.eclipse.mylyn.wikitext.mediawiki.ui - 1.3.0.v20100608-0100-e3x
2011-10-08 14:46:50,878 - org.eclipse.mylyn.wikitext.confluence.ui - 1.3.0.v20100608-0100-e3x
2011-10-08 14:46:50,878 - org.eclipse.mylyn.wikitext.tracwiki.ui - 1.3.0.v20100608-0100-e3x
2011-10-08 14:46:50,878 - org.eclipse.mylyn.wikitext.twiki.ui - 1.3.0.v20100608-0100-e3x
2011-10-08 14:46:50,878 - org.eclipse.mylyn.wikitext.tasks.ui - 1.3.1.v20100823-0100-e3x
2011-10-08 14:46:50,939 - org.eclipse.wst.common.project.facet.core - 1.4.102.v201008170019
2011-10-08 14:46:50,939 - org.eclipse.wst.common.project.facet.ui - 1.4.103.v201101271715
2011-10-08 14:46:50,949 - com.android.ide.eclipse.hierarchyviewer - 12.0.0.v201106281929-138431
2011-10-08 14:46:51,015 - org.eclipse.datatools.enablement.finfo - 1.5.1.v200906161800
2011-10-08 14:46:51,015 - org.eclipse.datatools.sqltools.db.derby.ui - 1.0.0.v200906020900
2011-10-08 14:46:51,015 - org.eclipse.datatools.sqltools.db.generic.ui - 1.0.0.v200906020900
2011-10-08 14:46:51,029 - org.eclipse.datatools.doc.user - 1.7.0.20090521092446
2011-10-08 14:46:51,029 - org.eclipse.datatools.oda.cshelp - 1.1.1.v200907031118
2011-10-08 14:46:51,029 - org.eclipse.datatools.help - 1.5.0.v200906020553
2011-10-08 14:46:51,058 - org.eclipse.jst.common.project.facet.core - 1.4.102.v201008182136
2011-10-08 14:46:51,058 - org.eclipse.jst.common.project.facet.ui - 1.4.102.v201008182136
2011-10-08 14:46:51,081 - org.eclipse.emf.ecore - 2.6.1.v20100914-1218
2011-10-08 14:46:51,081 - org.eclipse.emf.ecore.change - 2.5.1.v20100907-1643
2011-10-08 14:46:51,082 - org.eclipse.emf.ecore.xmi - 2.5.0.v20100521-1846
2011-10-08 14:46:51,094 - org.eclipse.emf.codegen.ui - 2.6.0.v20100914-1218
2011-10-08 14:46:51,118 - org.eclipse.jst.ws.axis2.core - 1.0.204.v201004211805
2011-10-08 14:46:51,118 - org.eclipse.jst.ws.axis2.ui - 1.0.303.v201003110431
2011-10-08 14:46:51,119 - org.eclipse.jst.ws.axis2.consumption.core - 1.0.105.v201004211805
2011-10-08 14:46:51,119 - org.eclipse.jst.ws.axis2.consumption.ui - 1.0.103.v201004211805
2011-10-08 14:46:51,120 - org.eclipse.jst.ws.axis2.creation.core - 1.0.106.v201004211805
2011-10-08 14:46:51,120 - org.eclipse.jst.ws.axis2.creation.ui - 1.0.104.v201004211805
2011-10-08 14:46:51,120 - org.eclipse.jst.ws.axis2.ui.doc.user - 1.0.100.v201005192217
2011-10-08 14:46:51,146 - java_cup.runtime - 0.10.0.v201005080400
2011-10-08 14:46:51,146 - org.apache.xerces - 2.9.0.v201005080400
2011-10-08 14:46:51,147 - org.eclipse.wst.xml.xpath2.processor - 1.1.4.v201101212357
2011-10-08 14:46:51,147 - org.eclipse.wst.xml.xpath2 - 1.1.0.v200910101444
2011-10-08 14:46:51,147 - org.eclipse.wst.xml.xpath2.processor.doc.user - 1.0.0.v201005240426
2011-10-08 14:46:51,167 - org.eclipse.mat.report - 1.0.1.201008091353
2011-10-08 14:46:51,167 - org.eclipse.mat.api - 1.0.1.201008091353
2011-10-08 14:46:51,167 - org.eclipse.mat.hprof - 1.0.1.201008091353
2011-10-08 14:46:51,168 - org.eclipse.mat.parser - 1.0.1.201008091353
2011-10-08 14:46:51,168 - org.eclipse.mat.ui - 1.0.1.201008091353
2011-10-08 14:46:51,168 - org.eclipse.mat.ui.help - 1.0.1.201008091353
2011-10-08 14:46:51,168 - org.eclipse.mat.jdt - 1.0.1.201008091353
2011-10-08 14:46:51,168 - org.eclipse.mat.dtfj - 1.0.1.201008091353
2011-10-08 14:46:51,168 - org.eclipse.mat.ibmdumps - 1.0.1.201008091353
2011-10-08 14:46:51,195 - org.eclipse.datatools.enablement.oracle.dbdefinition - 1.0.102.v201101120730
2011-10-08 14:46:51,195 - org.eclipse.datatools.enablement.oracle - 1.0.0.v200908130544
2011-10-08 14:46:51,195 - org.eclipse.datatools.enablement.oracle.ui - 1.0.2.v201005051303
2011-10-08 14:46:51,196 - org.eclipse.datatools.enablement.finfo - 1.5.1.v200906161800
2011-10-08 14:46:51,210 - org.eclipse.datatools.common.doc.user - 1.7.0.20090521092446
2011-10-08 14:46:51,227 - org.eclipse.rse.services.ssh - 3.0.1.v200909160005
2011-10-08 14:46:51,227 - org.eclipse.rse.connectorservice.ssh - 2.1.100.v200905272300
2011-10-08 14:46:51,227 - org.eclipse.rse.subsystems.files.ssh - 2.1.100.v200905272300
2011-10-08 14:46:51,227 - org.eclipse.rse.subsystems.shells.ssh - 2.1.100.v200905272300
2011-10-08 14:46:51,258 - org.eclipse.egit.core - 0.11.3
2011-10-08 14:46:51,258 - org.eclipse.egit.ui - 0.11.3
2011-10-08 14:46:51,258 - org.eclipse.egit - 0.11.3
2011-10-08 14:46:51,258 - org.eclipse.egit.doc - 0.11.3
2011-10-08 14:46:51,286 - com.motorolamobility.preflighting.ui - 0.8.0.release
2011-10-08 14:46:51,286 - com.motorolamobility.preflighting.tooldocs.validator.helpbase - 0.8.0.release
2011-10-08 14:46:51,299 - org.eclipse.jgit - 0.11.3
2011-10-08 14:46:51,318 - org.eclipse.wst.xsl.core - 1.1.0.v201004290328
2011-10-08 14:46:51,318 - org.eclipse.wst.xsl.debug.ui - 1.0.101.v201102111830
2011-10-08 14:46:51,318 - org.eclipse.wst.xsl.launching - 1.0.100.v201004290328
2011-10-08 14:46:51,318 - org.eclipse.wst.xsl.xalan - 1.0.1.v201004290328
2011-10-08 14:46:51,319 - org.eclipse.wst.xsl.ui - 1.1.1.v201009091745
2011-10-08 14:46:51,319 - org.eclipse.wst.xml.xpath.ui - 1.1.2.v201101212242
2011-10-08 14:46:51,320 - org.apache.xalan - 2.7.1.v201005080400
2011-10-08 14:46:51,320 - org.apache.commons.logging - 1.0.4.v201005080501
2011-10-08 14:46:51,320 - org.eclipse.wst.xsl.doc - 1.0.100.v201004292007
2011-10-08 14:46:51,320 - org.eclipse.wst.xml.xpath.core - 1.1.1.v201007022358
2011-10-08 14:46:51,321 - org.apache.xml.serializer - 2.7.1.v201005080400
2011-10-08 14:46:51,322 - org.apache.bcel - 5.2.0.v201005080400
2011-10-08 14:46:51,322 - java_cup.runtime - 0.10.0.v201005080400
2011-10-08 14:46:51,322 - org.eclipse.wst.xsl.saxon - 1.0.100.v201004290328
2011-10-08 14:46:51,322 - org.eclipse.wst.xsl - 1.0.0.v200905250058
2011-10-08 14:46:51,323 - org.eclipse.wst.xsl.jaxp.debug - 1.0.100.v201004290328
2011-10-08 14:46:51,323 - org.eclipse.wst.xsl.jaxp.debug.ui - 1.0.100.v201004290328
2011-10-08 14:46:51,323 - org.eclipse.wst.xsl.jaxp.launching - 1.0.100.v201004290328
2011-10-08 14:46:51,324 - org.apache.log4j - 1.2.15.v201005080500
2011-10-08 14:46:51,324 - org.eclipse.wst.xsl.exslt.core - 1.0.0.v201005240426
2011-10-08 14:46:51,324 - org.eclipse.wst.xsl.exslt.ui - 1.0.0.v201006012005
2011-10-08 14:46:51,327 - org.eclipse.draw2d - 3.6.2.v20110128-0100
2011-10-08 14:46:51,347 - org.eclipse.datatools.enablement.oda.ws.ui - 1.2.2.v201012301630
2011-10-08 14:46:51,349 - org.eclipse.datatools.enablement.oda.xml.ui - 1.2.1.v201012161115
2011-10-08 14:46:51,352 - org.eclipse.jpt.eclipselink.core - 1.3.2.v201102072310
2011-10-08 14:46:51,353 - org.eclipse.jpt.eclipselink.ui - 1.3.0.v201004280001
2011-10-08 14:46:51,379 - org.eclipse.jpt.eclipselink.core.ddlgen - 1.0.300.v201003290000
2011-10-08 14:46:51,380 - org.eclipse.jpt.eclipselink.jaxb.core.schemagen - 1.0.0.v201005120000
2011-10-08 14:46:51,380 - org.eclipse.jpt.eclipselink.branding - 2.3.2.v201008242310
2011-10-08 14:46:51,388 - org.eclipse.datatools.enablement.jdt.classpath - 1.0.1.v201004070709
2011-10-08 14:46:51,421 - org.eclipse.sequoyah.device.common.utilities - 2.0.0.N20110503-1034
2011-10-08 14:46:51,454 - org.eclipse.emf.databinding.edit - 1.2.0.v20100914-1218
2011-10-08 14:46:51,522 - org.eclipse.emf.common - 2.6.0.v20100914-1218
2011-10-08 14:46:51,568 - org.eclipse.sequoyah.device.backward - 1.0.0.N20110503-1034
2011-10-08 14:46:51,568 - org.eclipse.sequoyah.device.framework - 2.0.0.N20110503-1034
2011-10-08 14:46:51,568 - org.eclipse.sequoyah.device.framework.ui - 2.0.0.N20110503-1034
2011-10-08 14:46:51,568 - org.eclipse.sequoyah.device.service.start - 1.0.1.N20110503-1034
2011-10-08 14:46:51,568 - org.eclipse.sequoyah.device.service.stop - 1.0.1.N20110503-1034
2011-10-08 14:46:51,569 - org.eclipse.sequoyah.device.framework.wizard - 1.0.2.N20110503-1034
2011-10-08 14:46:51,589 - org.eclipse.emf.ecore.edit - 2.6.0.v20100914-1218
2011-10-08 14:46:51,589 - org.eclipse.emf.ecore.change.edit - 2.5.0.v20100521-1846
2011-10-08 14:46:51,592 - org.eclipse.wst.dtd.ui - 1.0.500.v201004290328
2011-10-08 14:46:51,592 - org.eclipse.wst.dtd.ui.infopop - 1.0.300.v200805140200
2011-10-08 14:46:51,592 - org.eclipse.wst.sse.ui.infopop - 1.0.300.v201004150328
2011-10-08 14:46:51,592 - org.eclipse.wst.xml.ui.infopop - 1.0.400.v201004292007
2011-10-08 14:46:51,593 - org.eclipse.wst.sse.ui - 1.2.3.v201102102045
2011-10-08 14:46:51,593 - org.eclipse.wst.xml.ui - 1.1.103.v201101122108
2011-10-08 14:46:51,593 - org.eclipse.wst.xsd.ui - 1.2.304.v201101251958
2011-10-08 14:46:51,595 - org.eclipse.mat.chart - 1.0.1.201008091353
2011-10-08 14:46:51,596 - org.eclipse.mat.chart.ui - 1.0.1.201008091353
2011-10-08 14:46:51,599 - org.eclipse.datatools.connectivity.doc.user.contexts - 1.7.0.20090521092446
2011-10-08 14:46:51,602 - org.eclipse.datatools.connectivity.doc.user - 1.7.0.20090521092446
2011-10-08 14:46:51,605 - org.eclipse.jpt.utility - 1.5.0.v201005100000
2011-10-08 14:46:51,606 - org.eclipse.jpt.db - 1.2.202.v201010192330
2011-10-08 14:46:51,607 - org.eclipse.jpt.db.ui - 1.1.200.v201003290000
2011-10-08 14:46:51,608 - org.eclipse.jpt.gen - 1.3.100.v201004260000
2011-10-08 14:46:51,608 - org.eclipse.jpt.core - 2.3.3.v201102172310
2011-10-08 14:46:51,608 - org.eclipse.jpt.ui - 2.3.2.v201008252310
2011-10-08 14:46:51,608 - org.eclipse.jpt.jaxb.ui - 1.0.1.v201006300000
2011-10-08 14:46:51,609 - org.eclipse.jpt.jaxb.core.schemagen - 1.0.1.v201006300000
2011-10-08 14:46:51,609 - org.eclipse.jpt.doc.user - 1.3.1.v201007142310
2011-10-08 14:46:51,610 - org.apache.commons.collections - 3.2.0.v201005080500
2011-10-08 14:46:51,611 - org.apache.commons.lang - 2.3.0.v201005080501
2011-10-08 14:46:51,612 - org.apache.oro - 2.0.8.v201005080400
2011-10-08 14:46:51,613 - org.jdom - 1.0.0.v201005080400
2011-10-08 14:46:51,613 - org.apache.velocity - 1.5.0.v200905192330
2011-10-08 14:46:51,614 - org.eclipse.jpt.branding - 2.3.2.v201008242310
2011-10-08 14:46:51,616 - org.eclipse.emf.ecore.editor - 2.6.0.v20100914-1218
2011-10-08 14:46:51,649 - org.apache.ant - 1.7.1.v20100518-1145
2011-10-08 14:46:51,649 - org.eclipse.ant.core - 3.2.201.v20110203_r362
2011-10-08 14:46:51,649 - com.jcraft.jsch - 0.1.41.v200903070017
2011-10-08 14:46:51,650 - org.eclipse.compare.core - 3.5.101.R36x_v20100929-0800
2011-10-08 14:46:51,650 - org.eclipse.compare - 3.5.101.R36x_v20100929-0800
2011-10-08 14:46:51,651 - org.eclipse.core.boot - 3.1.200.v20100505
2011-10-08 14:46:51,651 - org.eclipse.core.filebuffers - 3.5.100.v20100520-0800
2011-10-08 14:46:51,651 - org.eclipse.core.filesystem - 1.3.1.R36x_v20100727-0745
2011-10-08 14:46:51,651 - org.eclipse.core.net - 1.2.100.I20100511-0800
2011-10-08 14:46:51,652 - org.eclipse.core.net.linux.x86 - 1.1.100.R36x_v20100825-0800
2011-10-08 14:46:51,652 - org.eclipse.core.resources - 3.6.1.R36x_v20110131-1630
2011-10-08 14:46:51,652 - org.eclipse.core.runtime.compatibility - 3.2.100.v20100505
2011-10-08 14:46:51,682 - org.eclipse.core.runtime.compatibility.registry - 3.3.0.v20100520
2011-10-08 14:46:51,682 - org.eclipse.osgi.util - 3.2.100.v20100503
2011-10-08 14:46:51,682 - org.eclipse.debug.core - 3.6.0.v20100519
2011-10-08 14:46:51,683 - org.eclipse.debug.ui - 3.6.3.v20101201_r362
2011-10-08 14:46:51,683 - org.eclipse.equinox.event - 1.2.0.v20100503
2011-10-08 14:46:51,683 - org.eclipse.help.appserver - 3.1.400.v20100427
2011-10-08 14:46:51,683 - org.eclipse.ltk.core.refactoring - 3.5.101.r362_v20101117-0800
2011-10-08 14:46:51,683 - org.eclipse.ltk.ui.refactoring - 3.5.0.v20100526-0800
2011-10-08 14:46:51,683 - org.eclipse.platform - 3.6.2.v201102101200
2011-10-08 14:46:51,683 - org.eclipse.platform.doc.user - 3.6.2.r362_v20101117-0800
2011-10-08 14:46:51,683 - org.eclipse.search - 3.6.0.v20100520-0800
2011-10-08 14:46:51,684 - org.eclipse.team.core - 3.5.101.R36x_v20110203-1036
2011-10-08 14:46:51,684 - org.eclipse.team.ui - 3.5.102.R36x_v20110203-1036
2011-10-08 14:46:51,684 - org.eclipse.text - 3.5.0.v20100601-1300
2011-10-08 14:46:51,705 - org.eclipse.jface.text - 3.6.1.r361_v20100825-0800
2011-10-08 14:46:51,705 - org.eclipse.jsch.core - 1.1.200.I20100505-1245
2011-10-08 14:46:51,705 - org.eclipse.jsch.ui - 1.1.300.I20100505-1245
2011-10-08 14:46:51,706 - org.eclipse.ui.console - 3.5.0.v20100526
2011-10-08 14:46:51,706 - org.eclipse.ui.presentations.r21 - 3.2.200.I20100517-1500
2011-10-08 14:46:51,706 - org.eclipse.ui.intro - 3.4.0.v20100427
2011-10-08 14:46:51,706 - org.eclipse.ui.intro.universal - 3.2.402.r36_v20100702
2011-10-08 14:46:51,706 - org.eclipse.ui.cheatsheets - 3.4.0.v20100427
2011-10-08 14:46:51,706 - org.eclipse.ui.browser - 3.3.1.r36_20101216
2011-10-08 14:46:51,706 - org.eclipse.ui.navigator - 3.5.0.I20100601-0800
2011-10-08 14:46:51,707 - org.eclipse.ui.navigator.resources - 3.4.202.M20101124-0800
2011-10-08 14:46:51,707 - org.eclipse.ui.net - 1.2.100.I20100505-1245
2011-10-08 14:46:51,707 - org.eclipse.ui.workbench.texteditor - 3.6.1.r361_v20100714-0800
2011-10-08 14:46:51,707 - org.eclipse.ui.views - 3.5.1.M20110202-0800
2011-10-08 14:46:51,707 - org.eclipse.ui.editors - 3.6.1.r361_v20100825-0800
2011-10-08 14:46:51,707 - org.eclipse.ui.externaltools - 3.2.0.v20100427
2011-10-08 14:46:51,707 - org.eclipse.ui.ide - 3.6.2.M20101201-0800
2011-10-08 14:46:51,708 - org.eclipse.ui.ide.application - 1.0.201.M20100707-0800
2011-10-08 14:46:51,708 - org.eclipse.update.core - 3.2.402.R36x_v20100629
2011-10-08 14:46:51,708 - org.eclipse.update.scheduler - 3.2.300.v20100512
2011-10-08 14:46:51,708 - org.eclipse.update.ui - 3.2.300.v20100512
2011-10-08 14:46:51,718 - org.eclipse.ui.workbench.compatibility - 3.2.100.I20100511-0800
2011-10-08 14:46:51,719 - org.eclipse.core.filesystem.linux.x86 - 1.4.0.v20100505-1235
2011-10-08 14:46:51,720 - org.eclipse.core.variables - 3.2.400.v20100505
2011-10-08 14:46:51,720 - org.eclipse.ui.forms - 3.5.2.r36_v20100702
2011-10-08 14:46:51,720 - org.eclipse.update.core.linux - 3.2.200.v20100512
2011-10-08 14:46:51,721 - org.eclipse.ui.views.properties.tabbed - 3.5.100.I20100509-0800
2011-10-08 14:46:51,721 - org.eclipse.equinox.security - 1.0.200.v20100503
2011-10-08 14:46:51,721 - org.eclipse.equinox.security.ui - 1.0.200.v20100503
2011-10-08 14:46:51,721 - org.eclipse.core.externaltools - 1.0.1.v20100831_r361
2011-10-08 14:46:51,744 - org.eclipse.datatools.enablement.ibm.ui - 1.0.0.v200906020900
2011-10-08 14:46:51,745 - org.eclipse.datatools.enablement.ibm.db2.iseries.dbdefinition - 1.0.3.v200906161800
2011-10-08 14:46:51,745 - org.eclipse.datatools.enablement.ibm.db2.iseries - 1.0.2.v201005211230
2011-10-08 14:46:51,745 - org.eclipse.datatools.enablement.ibm.db2.iseries.ui - 1.0.1.v201005211230
2011-10-08 14:46:51,745 - org.eclipse.datatools.enablement.ibm.db2.luw.dbdefinition - 1.0.4.v201005211215
2011-10-08 14:46:51,745 - org.eclipse.datatools.enablement.ibm.db2.luw - 1.0.2.v201005211230
2011-10-08 14:46:51,745 - org.eclipse.datatools.enablement.ibm.db2.luw.ui - 1.0.2.v201005211230
2011-10-08 14:46:51,745 - org.eclipse.datatools.enablement.ibm.db2.zseries.dbdefinition - 1.0.4.v201005211230
2011-10-08 14:46:51,745 - org.eclipse.datatools.enablement.ibm.db2.zseries - 1.0.2.v201005211230
2011-10-08 14:46:51,746 - org.eclipse.datatools.enablement.ibm.db2.zseries.ui - 1.0.1.v201005211230
2011-10-08 14:46:51,746 - org.eclipse.datatools.enablement.ibm.informix.dbdefinition - 1.0.4.v201005211230
2011-10-08 14:46:51,746 - org.eclipse.datatools.enablement.ibm.informix - 1.0.1.v201005211230
2011-10-08 14:46:51,747 - org.eclipse.datatools.enablement.ibm.informix.ui - 1.0.2.v201005211230
2011-10-08 14:46:51,747 - org.eclipse.datatools.enablement.finfo - 1.5.1.v200906161800
2011-10-08 14:46:51,774 - javax.servlet - 2.5.0.v200910301333
2011-10-08 14:46:51,775 - javax.servlet.jsp - 2.0.0.v200806031607
2011-10-08 14:46:51,775 - org.apache.commons.el - 1.0.0.v201004212143
2011-10-08 14:46:51,775 - org.apache.commons.logging - 1.0.4.v201005080501
2011-10-08 14:46:51,776 - org.apache.jasper - 5.5.17.v201004212143
2011-10-08 14:46:51,776 - org.apache.lucene - 1.9.1.v20100518-1140
2011-10-08 14:46:51,777 - org.apache.lucene.analysis - 1.9.1.v20100518-1140
2011-10-08 14:46:51,777 - org.eclipse.equinox.http.jetty - 2.0.0.v20100503
2011-10-08 14:46:51,778 - org.eclipse.equinox.http.registry - 1.1.1.R36x_v20101103
2011-10-08 14:46:51,778 - org.eclipse.equinox.http.servlet - 1.1.0.v20100503
2011-10-08 14:46:51,779 - org.eclipse.equinox.jsp.jasper - 1.0.201.R36x_v20101103
2011-10-08 14:46:51,779 - org.eclipse.equinox.jsp.jasper.registry - 1.0.200.v20100503
2011-10-08 14:46:51,779 - org.eclipse.help.base - 3.5.3.v201102101200
2011-10-08 14:46:51,780 - org.eclipse.help.ui - 3.5.3.r36_20101116
2011-10-08 14:46:51,780 - org.eclipse.help.webapp - 3.5.3.r36_20101130
2011-10-08 14:46:51,780 - org.mortbay.jetty.server - 6.1.23.v201004211559
2011-10-08 14:46:51,781 - org.mortbay.jetty.util - 6.1.23.v201004211559
2011-10-08 14:46:51,805 - org.eclipse.emf.codegen.ecore - 2.6.1.v20100914-1218
2011-10-08 14:46:51,805 - org.eclipse.emf.ant - 2.6.1.v20100905-1631
2011-10-08 14:46:51,807 - org.eclipse.emf.databinding - 1.2.0.v20100914-1218
2011-10-08 14:46:51,824 - org.eclipse.tm.terminal.ssh - 2.0.200.v201005271030
2011-10-08 14:46:51,827 - org.eclipse.datatools.connectivity.db.generic - 1.0.1.v200908130547
2011-10-08 14:46:51,827 - org.eclipse.datatools.connectivity.db.generic.ui - 1.0.1.v201004070709
2011-10-08 14:46:51,827 - org.eclipse.datatools.connectivity.dbdefinition.genericJDBC - 1.0.1.v200906161815
2011-10-08 14:46:51,830 - org.eclipse.datatools.enablement.msft.sqlserver.dbdefinition - 1.0.0.v201004211630
2011-10-08 14:46:51,830 - org.eclipse.datatools.enablement.msft.sqlserver - 1.0.1.v201001180222
2011-10-08 14:46:51,830 - org.eclipse.datatools.enablement.msft.sqlserver.ui - 1.0.1.v200908130512
2011-10-08 14:46:51,830 - org.eclipse.datatools.enablement.finfo - 1.5.1.v200906161800
2011-10-08 14:46:51,853 - org.eclipse.epp.mpc.core - 1.0.0.v20100826-2143
2011-10-08 14:46:51,853 - org.eclipse.epp.mpc.ui - 1.0.1.v20100826-2143
2011-10-08 14:46:51,854 - org.eclipse.epp.mpc.help.ui - 1.0.0.v20100826-2143
2011-10-08 14:46:51,866 - org.eclipse.rse.core - 3.1.102.R32x_v201102011435
2011-10-08 14:46:51,866 - org.eclipse.rse.doc.user - 3.2.2.R32x_v201102011435
2011-10-08 14:46:51,866 - org.eclipse.rse.efs - 2.1.200.v201005262000
2011-10-08 14:46:51,866 - org.eclipse.rse.efs.ui - 2.1.200.v201003010830
2011-10-08 14:46:51,867 - org.eclipse.rse.importexport - 1.2.101.v201008191400
2011-10-08 14:46:51,867 - org.eclipse.rse.files.ui - 3.1.102.R32x_v201102011435
2011-10-08 14:46:51,867 - org.eclipse.rse.processes.ui - 3.0.200.v201003010830
2011-10-08 14:46:51,867 - org.eclipse.rse.services - 3.2.2.R32x_v201102011435
2011-10-08 14:46:51,867 - org.eclipse.rse.shells.ui - 3.0.200.v201006041352
2011-10-08 14:46:51,867 - org.eclipse.rse.subsystems.files.core - 3.2.1.v201008191400
2011-10-08 14:46:51,868 - org.eclipse.rse.subsystems.processes.core - 3.1.100.v201003010830
2011-10-08 14:46:51,868 - org.eclipse.rse.subsystems.processes.shell.linux - 1.1.100.v200905272300
2011-10-08 14:46:51,869 - org.eclipse.rse.subsystems.shells.core - 3.1.100.v201003010830
2011-10-08 14:46:51,869 - org.eclipse.rse.ui - 3.1.102.R32x_v201102011435
2011-10-08 14:46:51,897 - net.sourceforge.lpg.lpgjavaruntime - 1.1.0.v201004271650
2011-10-08 14:46:51,897 - org.eclipse.datatools.sqltools.parsers.sql.lexer - 1.0.1.v200906030654
2011-10-08 14:46:51,897 - org.eclipse.datatools.sqltools.parsers.sql.query - 1.2.0.v201004291415
2011-10-08 14:46:51,897 - org.eclipse.datatools.sqltools.parsers.sql.xml.query - 1.0.0.v200906022302
2011-10-08 14:46:51,898 - org.eclipse.datatools.sqltools.parsers.sql - 1.0.2.v201004291415
2011-10-08 14:46:51,909 - org.eclipse.datatools.enablement.sqlite - 1.0.0.v201002041100
2011-10-08 14:46:51,909 - org.eclipse.datatools.enablement.sqlite.dbdefinition - 1.0.1.v201002041100
2011-10-08 14:46:51,909 - org.eclipse.datatools.enablement.sqlite.ui - 1.0.0.v200906020900
2011-10-08 14:46:51,909 - org.eclipse.datatools.enablement.finfo - 1.5.1.v200906161800
2011-10-08 14:46:51,925 - biz.junginger.rss.eclipse.RssPlugin - 1.5.1
2011-10-08 14:46:51,928 - org.eclipse.epp.package.jee - 1.3.2.20110218-0812
2011-10-08 14:46:51,928 - org.eclipse.wtp.epp.package.jee.intro - 1.3.0.v201006142040
2011-10-08 14:46:51,929 - org.eclipse.wtp.javascript.capabilities - 1.0.100.v201005102000
2011-10-08 14:46:51,929 - org.eclipse.wtp.jee.capabilities - 1.0.100.v201005102000
2011-10-08 14:46:51,929 - org.eclipse.wtp.web.capabilities - 1.0.100.v201005102000
2011-10-08 14:46:51,929 - org.eclipse.wtp.xml.capabilities - 1.0.100.v201005102000
2011-10-08 14:46:51,929 - org.eclipse.wtp.epp.package.capabilities - 1.3.0.v201005102000
2011-10-08 14:46:51,942 - org.eclipse.jdt - 3.6.1.v201102101200
2011-10-08 14:46:51,943 - org.eclipse.ant.ui - 3.5.0.v20100427
2011-10-08 14:46:51,943 - org.eclipse.jdt.apt.core - 3.3.402.R36_v20110120-1000
2011-10-08 14:46:51,943 - org.eclipse.jdt.apt.ui - 3.3.300.v20100513-0845
2011-10-08 14:46:51,943 - org.eclipse.jdt.apt.pluggable.core - 1.0.301.R36_v20100727-0110
2011-10-08 14:46:51,945 - org.eclipse.jdt.compiler.apt - 1.0.300.v20100513-0845
2011-10-08 14:46:51,945 - org.eclipse.jdt.compiler.tool - 1.0.100.v_A76_R36x
2011-10-08 14:46:51,945 - org.eclipse.jdt.core - 3.6.2.v_A76_R36x
2011-10-08 14:46:51,945 - org.eclipse.jdt.core.manipulation - 1.3.0.v20100520-0800
2011-10-08 14:46:51,946 - org.eclipse.jdt.debug.ui - 3.5.2.v20100928a_r362
2011-10-08 14:46:51,946 - org.eclipse.jdt.debug - 3.6.1.v20100715_r361
2011-10-08 14:46:51,946 - org.eclipse.jdt.junit - 3.6.1.r361_v20100825-0800
2011-10-08 14:46:51,946 - org.eclipse.jdt.junit.core - 3.6.1.r361_v20100825-0800
2011-10-08 14:46:51,947 - org.eclipse.jdt.junit.runtime - 3.4.200.v20100526-0800
2011-10-08 14:46:51,947 - org.eclipse.jdt.junit4.runtime - 1.1.100.v20100526-0800
2011-10-08 14:46:51,948 - org.eclipse.jdt.launching - 3.5.200.v20110105_r362
2011-10-08 14:46:51,948 - org.eclipse.jdt.ui - 3.6.2.r362_v20110203
2011-10-08 14:46:51,957 - org.junit - 4.8.1.v4_8_1_v20100427-1100
2011-10-08 14:46:51,957 - org.junit - 4.8.1.v4_8_1_v20100427-1100
2011-10-08 14:46:51,966 - org.junit4 - 4.8.1.v20100525
2011-10-08 14:46:51,966 - org.hamcrest.core - 1.1.0.v20090501071000
2011-10-08 14:46:51,967 - org.eclipse.jdt.doc.user - 3.6.1.r361_v20100721-0800
2011-10-08 14:46:51,967 - org.eclipse.ant.launching - 1.0.1.v20101020_r362
2011-10-08 14:46:52,012 - org.eclipse.emf.edit.ui - 2.6.0.v20100914-1218
2011-10-08 14:46:52,026 - org.eclipse.mylyn.java.ui - 3.4.0.v20100608-0100-e3x
2011-10-08 14:46:52,027 - org.eclipse.mylyn.java.tasks - 3.4.0.v20100608-0100-e3x
2011-10-08 14:46:52,027 - org.eclipse.mylyn.ide.ui - 3.4.0.v20100608-0100-e3x
2011-10-08 14:46:52,027 - org.eclipse.mylyn.ide.ant - 3.4.0.v20100608-0100-e3x
2011-10-08 14:46:52,030 - org.eclipse.datatools.enablement.sybase.asa.models - 1.0.0.v201010140307
2011-10-08 14:46:52,030 - org.eclipse.datatools.enablement.sybase.ase.models - 1.0.1.v201010140307
2011-10-08 14:46:52,030 - org.eclipse.datatools.enablement.sybase.asa - 1.0.1.v200906020900
2011-10-08 14:46:52,030 - org.eclipse.datatools.enablement.sybase.ase - 1.0.1.v200906020900
2011-10-08 14:46:52,030 - org.eclipse.datatools.enablement.sybase.ase.dbdefinition - 1.0.0.v200906161800
2011-10-08 14:46:52,030 - org.eclipse.datatools.enablement.sybase.asa.dbdefinition - 1.0.0.v200906161800
2011-10-08 14:46:52,031 - org.eclipse.datatools.enablement.sybase.asa.ui - 1.0.1.v200906111150
2011-10-08 14:46:52,031 - org.eclipse.datatools.enablement.sybase.ase.ui - 1.0.1.v200906020900
2011-10-08 14:46:52,031 - org.eclipse.datatools.enablement.sybase - 1.0.1.v200906020900
2011-10-08 14:46:52,031 - org.eclipse.datatools.enablement.sybase.models - 1.0.0.v201010140307
2011-10-08 14:46:52,031 - org.eclipse.datatools.enablement.sybase.ui - 1.0.0.v200906090458
2011-10-08 14:46:52,032 - org.eclipse.datatools.enablement.sybase.asa.schemaobjecteditor.examples - 2.5.0.200810071
2011-10-08 14:46:52,057 - org.eclipse.jst.ws.jaxws.core - 1.0.0.v201004171919
2011-10-08 14:46:52,057 - org.eclipse.jst.ws.jaxws.ui - 1.0.1.v201008232129
2011-10-08 14:46:52,058 - javax.xml.ws - 2.1.0.v200902101523
2011-10-08 14:46:52,059 - javax.jws - 2.0.0.v201005080400
2011-10-08 14:46:52,060 - org.eclipse.jst.ws.annotations.core - 1.0.0.v201004262257
2011-10-08 14:46:52,061 - javax.xml.bind - 2.1.9.v201005080401
2011-10-08 14:46:52,062 - javax.xml.stream - 1.0.1.v201004272200
2011-10-08 14:46:52,063 - org.eclipse.jst.ws.jaxb.core - 1.0.0.v201003222311
2011-10-08 14:46:52,064 - javax.wsdl - 1.6.2.v201005080631
2011-10-08 14:46:52,064 - org.jdom - 1.0.0.v201005080400
2011-10-08 14:46:52,086 - org.eclipse.rse.subsystems.terminals.core - 1.0.100.v201006041352
2011-10-08 14:46:52,087 - org.eclipse.rse.subsystems.terminals.ssh - 1.0.1.v200908051630
2011-10-08 14:46:52,087 - org.eclipse.rse.terminals.ui - 1.0.100.v201006041352
2011-10-08 14:46:52,108 - org.eclipse.wst.jsdt.web.core - 1.0.304.v201102160550
2011-10-08 14:46:52,108 - org.eclipse.wst.jsdt.web.ui - 1.0.304.v201012160349
2011-10-08 14:46:52,109 - org.eclipse.wst.html.ui.infopop - 1.0.200.v201004150328
2011-10-08 14:46:52,109 - org.eclipse.wst.web.ui.infopop - 1.0.300.v200805140415
2011-10-08 14:46:52,109 - org.eclipse.wst.css.ui - 1.0.502.v201101122002
2011-10-08 14:46:52,109 - org.eclipse.wst.html.ui - 1.0.504.v201101122108
2011-10-08 14:46:52,110 - org.eclipse.wst.web.ui - 1.1.400.v201004141630
2011-10-08 14:46:52,127 - org.eclipse.mylyn.context.ui - 3.4.2.v20110131-0100-e3x
2011-10-08 14:46:52,127 - org.eclipse.mylyn.resources.ui - 3.4.1.v20100909-0100-e3x
2011-10-08 14:46:52,153 - org.eclipse.emf.mapping - 2.6.0.v20100914-1218
2011-10-08 14:46:52,158 - org.eclipse.emf.codegen.ecore.ui - 2.6.0.v20100914-1218
2011-10-08 14:46:52,189 - org.eclipse.datatools.enablement.ingres - 1.0.0.v200906111150
2011-10-08 14:46:52,189 - org.eclipse.datatools.enablement.ingres.dbdefinition - 1.0.0.v200906161800
2011-10-08 14:46:52,189 - org.eclipse.datatools.enablement.ingres.ui - 1.0.0.v201006242214
2011-10-08 14:46:52,189 - org.eclipse.datatools.enablement.finfo - 1.5.1.v200906161800
2011-10-08 14:46:52,193 - com.android.ide.eclipse.traceview - 12.0.0.v201106281929-138431
2011-10-08 14:46:52,204 - org.eclipse.rse.services.local - 2.1.202.R32x_v201102011435
2011-10-08 14:46:52,204 - org.eclipse.rse.subsystems.files.local - 2.1.101.v200907301400
2011-10-08 14:46:52,204 - org.eclipse.rse.subsystems.processes.local - 2.1.100.v200905272300
2011-10-08 14:46:52,204 - org.eclipse.rse.subsystems.shells.local - 2.1.100.v200905272300
2011-10-08 14:46:52,205 - org.eclipse.rse.connectorservice.local - 2.1.100.v200905272300
2011-10-08 14:46:52,208 - org.apache.commons.net - 2.0.0.v200905272248
2011-10-08 14:46:52,209 - org.eclipse.rse.connectorservice.telnet - 1.2.1.v200908051630
2011-10-08 14:46:52,209 - org.eclipse.rse.services.telnet - 2.0.0.v200905272300
2011-10-08 14:46:52,209 - org.eclipse.rse.subsystems.shells.telnet - 1.2.0.v200905272300
2011-10-08 14:46:52,226 - org.eclipse.datatools.sqltools.sql - 1.0.0.v200906022302
2011-10-08 14:46:52,226 - org.eclipse.datatools.sqltools.common.ui - 1.0.0.v200906022302
2011-10-08 14:46:52,226 - org.eclipse.datatools.sqltools.plan - 1.0.0.v200906022302
2011-10-08 14:46:52,227 - org.eclipse.datatools.sqltools.editor.core - 1.0.0.v201001150815
2011-10-08 14:46:52,227 - org.eclipse.datatools.sqltools.sqleditor - 1.0.2.v201009230800
2011-10-08 14:46:52,227 - org.eclipse.datatools.sqltools.ddlgen.ui - 1.0.1.v201002270530
2011-10-08 14:46:52,227 - org.eclipse.datatools.connectivity.db.generic - 1.0.1.v200908130547
2011-10-08 14:46:52,227 - org.eclipse.datatools.sqltools.editor.core.ui - 1.0.0.v201001150815
2011-10-08 14:46:52,227 - org.eclipse.datatools.sqltools.sql.ui - 1.0.0.v200906022302
2011-10-08 14:46:52,241 - com.motorola.studio.android - 2.2.2.release
2011-10-08 14:46:52,241 - com.motorola.studio.android.emulator - 2.2.2.release
2011-10-08 14:46:52,241 - com.motorola.studio.android.launch - 2.2.1.release
2011-10-08 14:46:52,259 - com.motorola.studio.android.packaging - 2.2.0.release
2011-10-08 14:46:52,259 - com.motorola.studio.android.packaging.ui - 2.2.0.release
2011-10-08 14:46:52,259 - com.motorola.studio.android.codesnippets - 2.2.0.release
2011-10-08 14:46:52,259 - com.motorola.studio.android.handset - 2.2.0.release
2011-10-08 14:46:52,260 - com.motorola.studio.android.tooldocs.studio.helpbase - 2.2.0.release
2011-10-08 14:46:52,260 - com.motorola.studio.android.ss.provider - 2.0.0.release
2011-10-08 14:46:52,260 - com.motorola.studio.android.db - 2.2.0.release
2011-10-08 14:46:52,260 - com.motorola.studio.android.remote - 2.2.0.release
2011-10-08 14:46:52,260 - com.motorola.studio.android.product - 2.2.2.release
2011-10-08 14:46:52,260 - com.motorola.studio.android.linux.x86 - 2.0.0.release
2011-10-08 14:46:52,261 - com.motorola.studio.android.mat - 2.2.0.release
2011-10-08 14:46:52,261 - com.motorola.studio.android.devices.services - 2.2.0.release
2011-10-08 14:46:52,261 - com.motorola.studio.android.installer - 2.2.2.release
2011-10-08 14:46:52,261 - com.motorola.studio.android.ophone - 2.2.0.release
2011-10-08 14:46:52,293 - org.eclipse.tm.terminal.telnet - 2.0.101.v200909160005
2011-10-08 14:46:52,296 - org.eclipse.tm.terminal.view - 2.1.2.R32x_v201102011435
2011-10-08 14:46:52,299 - org.eclipse.mylyn.team.cvs - 3.4.2.v20110131-0100-e3x
2011-10-08 14:46:52,299 - org.eclipse.mylyn.bugzilla.ide - 3.4.1.v20110131-0100-e3x
2011-10-08 14:46:52,299 - org.eclipse.mylyn.ide.ui - 3.4.0.v20100608-0100-e3x
2011-10-08 14:46:52,300 - org.eclipse.mylyn.tasks.bugs - 3.4.1.v20100823-0100-e3x
2011-10-08 14:46:52,300 - org.eclipse.mylyn.help.ui - 3.4.2.v20110131-0100-e3x
2011-10-08 14:46:52,320 - org.jdom - 1.0.0.v201005080400
2011-10-08 14:46:52,320 - org.eclipse.jst.ws.cxf.consumption.core - 1.0.0.v201003222311
2011-10-08 14:46:52,320 - org.eclipse.jst.ws.cxf.consumption.ui - 1.0.0.v201003222311
2011-10-08 14:46:52,321 - org.eclipse.jst.ws.cxf.core - 1.0.0.v201003311345
2011-10-08 14:46:52,321 - org.eclipse.jst.ws.cxf.creation.core - 1.0.0.v201003311345
2011-10-08 14:46:52,321 - org.eclipse.jst.ws.cxf.creation.ui - 1.0.0.v201003311345
2011-10-08 14:46:52,322 - org.eclipse.jst.ws.cxf.ui - 1.0.0.v201004171919
2011-10-08 14:46:52,322 - javax.wsdl - 1.6.2.v201005080631
2011-10-08 14:46:52,322 - javax.jws - 2.0.0.v201005080400
2011-10-08 14:46:52,322 - javax.xml.bind - 2.1.9.v201005080401
2011-10-08 14:46:52,322 - javax.xml.stream - 1.0.1.v201004272200
2011-10-08 14:46:52,322 - javax.xml.ws - 2.1.0.v200902101523
2011-10-08 14:46:52,337 - org.eclipse.datatools.connectivity.oda.consumer - 3.2.3.v201102051100
2011-10-08 14:46:52,337 - org.eclipse.datatools.connectivity.oda.design - 3.3.2.v201012150951
2011-10-08 14:46:52,337 - org.eclipse.datatools.connectivity.oda.flatfile - 3.1.1.v201101261130
2011-10-08 14:46:52,338 - org.eclipse.datatools.connectivity.oda.profile - 3.2.4.v201007150318
2011-10-08 14:46:52,338 - org.eclipse.datatools.connectivity.oda - 3.3.1.v201102051100
2011-10-08 14:46:52,338 - org.eclipse.datatools.connectivity - 1.2.2.v201010220354
2011-10-08 14:46:52,352 - org.eclipse.emf - 2.6.0.v20100914-1218
2011-10-08 14:46:52,370 - com.android.ide.eclipse.ddms - 12.0.0.v201106281929-138431
2011-10-08 14:46:52,373 - org.eclipse.emf.edit - 2.6.0.v20100914-1218
2011-10-08 14:46:52,377 - org.eclipse.datatools.connectivity.apache.derby.dbdefinition - 1.0.2.v200906161815
2011-10-08 14:46:52,377 - org.eclipse.datatools.connectivity.apache.derby.ui - 1.0.3.v201007080903
2011-10-08 14:46:52,377 - org.eclipse.datatools.connectivity.apache.derby - 1.0.100.v200906020900
2011-10-08 14:46:52,377 - org.eclipse.datatools.modelbase.derby - 1.0.0.v201002161452
2011-10-08 14:46:52,378 - org.eclipse.datatools.sqltools.db.derby - 1.0.0.v200906020900
2011-10-08 14:46:52,397 - org.eclipse.emf.converter - 2.5.0.v20100914-1218
2011-10-08 14:46:52,397 - org.eclipse.emf.importer - 2.6.0.v20100521-1846
2011-10-08 14:46:52,397 - org.eclipse.emf.exporter - 2.6.0.v20100521-1846
2011-10-08 14:46:52,397 - org.eclipse.emf.importer.ecore - 2.6.0.v20100521-1846
2011-10-08 14:46:52,397 - org.eclipse.emf.importer.java - 2.6.0.v20100521-1846
2011-10-08 14:46:52,398 - org.eclipse.emf.importer.rose - 2.6.0.v20100521-1846
2011-10-08 14:46:52,422 - org.eclipse.datatools.sqltools.doc.user - 1.7.0.20090521092446
2011-10-08 14:46:52,422 - org.eclipse.datatools.sqltools.doc.user.contexts - 1.7.0.20090521092446
2011-10-08 14:46:52,425 - org.eclipse.mylyn.bugzilla.core - 3.4.2.v20100902-0100-e3x
2011-10-08 14:46:52,428 - org.eclipse.mylyn.bugzilla.ui - 3.4.3.v20110131-0100-e3x
2011-10-08 14:46:52,429 - org.apache.xmlrpc - 3.0.0.v20100427-1100
2011-10-08 14:46:52,430 - org.apache.ws.commons.util - 1.0.0.v20100518-1135
2011-10-08 14:46:52,430 - javax.xml.bind - 2.1.9.v201005080401
2011-10-08 14:46:52,444 - org.eclipse.datatools.intro - 1.7.0.v201005281800
2011-10-08 14:46:52,471 - org.eclipse.jst.ws - 1.0.507.v201004211805
2011-10-08 14:46:52,472 - org.eclipse.jst.j2ee.ui - 1.1.404.v201101122300
2011-10-08 14:46:52,472 - org.eclipse.jst.ws.axis.creation.ui - 1.0.600.v201008171516
2011-10-08 14:46:52,472 - org.eclipse.jst.ws.axis.consumption.ui - 1.0.505.v201004211805
2011-10-08 14:46:52,472 - org.eclipse.jst.j2ee.jca.ui - 1.1.400.v201004150700
2011-10-08 14:46:52,472 - org.eclipse.jst.j2ee.navigator.ui - 1.1.403.v201012020600
2011-10-08 14:46:52,472 - org.eclipse.jst.j2ee.webservice.ui - 1.1.400.v201004110600
2011-10-08 14:46:52,472 - org.eclipse.jst.ws.axis.consumption.core - 1.0.406.v201004211805
2011-10-08 14:46:52,472 - org.eclipse.jst.servlet.ui - 1.1.404.v201101270100
2011-10-08 14:46:52,472 - org.eclipse.jst.ws.ui - 1.0.403.v201004211805
2011-10-08 14:46:52,473 - org.eclipse.jst.ws.uddiregistry - 1.0.500.v201004211805
2011-10-08 14:46:52,473 - org.eclipse.jst.ws.creation.ui - 1.0.510.v201011041151
2011-10-08 14:46:52,473 - org.eclipse.jst.ws.consumption.ui - 1.1.302.v201101191731
2011-10-08 14:46:52,473 - org.eclipse.jst.ws.consumption - 1.0.507.v201004211805
2011-10-08 14:46:52,473 - org.eclipse.jst.j2ee.infopop - 1.0.300.v200805140415
2011-10-08 14:46:52,473 - org.eclipse.jst.jsp.ui.infopop - 1.0.200.v201004150328
2011-10-08 14:46:52,473 - org.eclipse.jst.servlet.ui.infopop - 1.0.300.v200805140415
2011-10-08 14:46:52,473 - org.eclipse.jst.ws.axis.infopop - 1.0.300.v200805140230
2011-10-08 14:46:52,473 - org.eclipse.jst.ws.consumption.infopop - 1.0.300.v200805140230
2011-10-08 14:46:52,474 - org.eclipse.jst.ws.infopop - 1.0.300.v200805140230
2011-10-08 14:46:52,474 - org.eclipse.jst.ws.creation.ejb.ui - 1.0.201.v201004211805
2011-10-08 14:46:52,474 - org.eclipse.jst.ejb.ui - 1.1.502.v201101121843
2011-10-08 14:46:52,474 - org.eclipse.jst.j2ee.ejb.annotations.ui - 1.1.200.v201004290730
2011-10-08 14:46:52,474 - org.eclipse.jst.j2ee.ejb.annotation.model - 1.1.300.v201003112036
2011-10-08 14:46:52,474 - org.eclipse.jst.j2ee.ejb.annotations.emitter - 1.1.200.v200909290826
2011-10-08 14:46:52,474 - org.eclipse.jst.j2ee.ejb.annotations.xdoclet - 1.2.100.v201003112036
2011-10-08 14:46:52,474 - org.eclipse.jst.j2ee.xdoclet.runtime - 1.1.300.v201004280700
2011-10-08 14:46:52,474 - org.eclipse.jst.jee.ui - 1.0.304.v201101272100
2011-10-08 14:46:52,475 - org.eclipse.jst.ejb.ui.infopop - 1.0.300.v2010022311013
2011-10-08 14:46:52,475 - org.eclipse.jst.ws.jaxrs.core - 1.0.201.v201011231540
2011-10-08 14:46:52,475 - org.eclipse.jst.ws.jaxrs.ui - 1.0.301.v201012020511
2011-10-08 14:46:52,487 - org.eclipse.datatools.enablement.hsqldb - 1.0.0.v200906020900
2011-10-08 14:46:52,487 - org.eclipse.datatools.enablement.hsqldb.dbdefinition - 1.0.0.v200906161800
2011-10-08 14:46:52,487 - org.eclipse.datatools.enablement.hsqldb.ui - 1.0.0.v200906020900
2011-10-08 14:46:52,487 - org.eclipse.datatools.enablement.finfo - 1.5.1.v200906161800
2011-10-08 14:46:52,512 - org.eclipse.datatools.enablement.mysql.dbdefinition - 1.0.4.v200906161800
2011-10-08 14:46:52,512 - org.eclipse.datatools.enablement.mysql - 1.0.2.v201002041100
2011-10-08 14:46:52,512 - org.eclipse.datatools.enablement.mysql.ui - 1.0.0.v200906020900
2011-10-08 14:46:52,512 - org.eclipse.datatools.enablement.finfo - 1.5.1.v200906161800
2011-10-08 14:46:52,515 - org.eclipse.datatools.connectivity.oda.template.ui - 3.2.1.v201004090942
2011-10-08 14:46:52,529 - com.motorola.studio.platform.logger - 3.0.0
2011-10-08 14:46:52,529 - com.motorola.studio.platform.feature.rcp.branding - 3.1.1
2011-10-08 14:46:52,529 - com.motorola.studio.platform.tools.sign.core - 3.0.0
2011-10-08 14:46:52,529 - com.motorola.studio.platform.tools.sign.ui - 3.0.0
2011-10-08 14:46:52,530 - com.motorola.studio.platform.tools.common - 3.0.0
2011-10-08 14:46:52,530 - com.motorola.studio.platform.core.runtime - 3.0.0
2011-10-08 14:46:52,530 - com.motorola.studio.platform.ui - 3.0.0
2011-10-08 14:46:52,531 - com.motorola.studio.platform.ui.linux - 3.0.0
2011-10-08 14:46:52,552 - org.eclipse.pde - 3.6.1.v201102101200
2011-10-08 14:46:52,552 - org.eclipse.pde.build - 3.6.2.R36x_20110203
2011-10-08 14:46:52,552 - org.eclipse.pde.core - 3.6.2.v20110210_r362
2011-10-08 14:46:52,553 - org.eclipse.pde.junit.runtime - 3.4.100.v20100601
2011-10-08 14:46:52,553 - org.eclipse.pde.runtime - 3.4.200.v20100601
2011-10-08 14:46:52,553 - org.eclipse.pde.ui - 3.6.1.v20110210_r362
2011-10-08 14:46:52,553 - org.eclipse.pde.doc.user - 3.6.2.v20101118_r362
2011-10-08 14:46:52,553 - org.eclipse.pde.ui.templates - 3.4.200.v20100601
2011-10-08 14:46:52,553 - org.eclipse.ui.views.log - 1.0.100.v20110210_r362
2011-10-08 14:46:52,554 - org.objectweb.asm - 3.2.0.v200909071300
2011-10-08 14:46:52,554 - org.eclipse.pde.api.tools - 1.0.202.v20100820_r361
2011-10-08 14:46:52,554 - org.eclipse.pde.api.tools.ui - 1.0.201.v20100820_r361
2011-10-08 14:46:52,554 - org.eclipse.pde.ds.core - 1.0.100.v20100601
2011-10-08 14:46:52,554 - org.eclipse.pde.ds.ui - 1.0.100.v20100601
2011-10-08 14:46:52,554 - org.eclipse.pde.launching - 3.6.0.v20100601
2011-10-08 14:46:52,555 - org.eclipse.pde.ua.core - 1.0.100.v20100504
2011-10-08 14:46:52,555 - org.eclipse.pde.ua.ui - 1.0.100.v20100504
2011-10-08 14:46:52,583 - org.eclipse.emf.common.ui - 2.6.0.v20100914-1218
2011-10-08 14:46:52,607 - org.eclipse.emf.mapping.ecore.editor - 2.6.0.v20100914-1218
2011-10-08 14:46:52,607 - org.eclipse.emf.mapping.ecore2ecore.editor - 2.4.0.v20100521-1847
2011-10-08 14:46:52,607 - org.eclipse.emf.mapping.ecore2xml.ui - 2.5.0.v20100521-1847
2011-10-08 14:46:52,624 - org.eclipse.sequoyah.localization.tools - 2.0.0.N20110503-1034
2011-10-08 14:46:52,625 - org.eclipse.sequoyah.localization.editor - 2.0.0.N20110503-1034
2011-10-08 14:46:52,647 - org.eclipse.dstore.core - 3.2.2.R32x_v201102121806
2011-10-08 14:46:52,648 - org.eclipse.dstore.extra - 2.1.101.v200907301400
2011-10-08 14:46:52,648 - org.eclipse.rse.connectorservice.dstore - 3.1.100.v201005281600
2011-10-08 14:46:52,648 - org.eclipse.rse.services.dstore - 3.1.102.R32x_v201102011435
2011-10-08 14:46:52,648 - org.eclipse.rse.subsystems.files.dstore - 2.1.102.R32x_v201102011435
2011-10-08 14:46:52,648 - org.eclipse.rse.subsystems.processes.dstore - 2.1.100.v200905272300
2011-10-08 14:46:52,649 - org.eclipse.rse.subsystems.shells.dstore - 2.1.201.v201008191400
2011-10-08 14:46:52,649 - org.eclipse.rse.dstore.security - 3.0.200.v201003010830
2011-10-08 14:46:52,663 - com.android.ide.eclipse.adt - 12.0.0.v201106281929-138431
2011-10-08 14:46:52,679 - org.eclipse.sequoyah.localization.android - 2.0.0.N20110503-1034
2011-10-08 14:46:52,680 - org.eclipse.sequoyah.localization.android.help - 2.0.0.N20110503-1034
2011-10-08 14:46:52,705 - org.eclipse.tm.terminal - 3.0.102.R32x_v201102011435
2011-10-08 14:46:52,719 - org.eclipse.datatools.enablement.sap.maxdb.dbdefinition - 1.0.0.v200906161800
2011-10-08 14:46:52,719 - org.eclipse.datatools.enablement.sap.maxdb - 1.0.0.v200906020900
2011-10-08 14:46:52,719 - org.eclipse.datatools.enablement.sap.maxdb.ui - 1.0.0.v200906020900
2011-10-08 14:46:52,719 - org.eclipse.datatools.enablement.finfo - 1.5.1.v200906161800
2011-10-08 14:46:52,722 - org.eclipse.datatools.enablement.postgresql.dbdefinition - 1.0.1.v200906161800
2011-10-08 14:46:52,722 - org.eclipse.datatools.enablement.postgresql - 1.0.1.v200906020900
2011-10-08 14:46:52,722 - org.eclipse.datatools.enablement.postgresql.ui - 1.0.0.v200906020900
2011-10-08 14:46:52,722 - org.eclipse.datatools.enablement.finfo - 1.5.1.v200906161800
2011-10-08 14:46:52,725 - org.apache.xerces - 2.9.0.v201005080400
2011-10-08 14:46:52,725 - org.apache.xml.resolver - 1.2.0.v201005080400
2011-10-08 14:46:52,725 - org.apache.xml.serializer - 2.7.1.v201005080400
2011-10-08 14:46:52,726 - org.eclipse.datatools.enablement.oda.ws - 1.2.2.v201010151422
2011-10-08 14:46:52,726 - org.eclipse.datatools.enablement.oda.xml - 1.2.1.v201010211755
2011-10-08 14:46:52,726 - javax.xml - 1.3.4.v201005080400
2011-10-08 14:46:52,726 - javax.wsdl - 1.6.2.v201005080631
2011-10-08 14:46:52,729 - org.eclipse.datatools.modelbase.dbdefinition - 1.0.2.v201002130228
2011-10-08 14:46:52,729 - org.eclipse.datatools.modelbase.sql.edit - 1.0.1.v201002161452
2011-10-08 14:46:52,730 - org.eclipse.datatools.modelbase.sql.query - 1.1.1.v201008100700
2011-10-08 14:46:52,730 - org.eclipse.datatools.modelbase.sql.query.edit - 1.0.0.v200906022249
2011-10-08 14:46:52,730 - org.eclipse.datatools.modelbase.sql.xml.query - 1.0.1.v201004291415
2011-10-08 14:46:52,730 - org.eclipse.datatools.modelbase.sql - 1.0.4.v201002250945
2011-10-08 14:46:52,741 - org.eclipse.cvs - 1.0.500.v201102101200
2011-10-08 14:46:52,741 - org.eclipse.team.cvs.core - 3.3.301.R36x_v20110119-0815
2011-10-08 14:46:52,741 - org.eclipse.team.cvs.ssh2 - 3.2.300.I20100526-0800
2011-10-08 14:46:52,741 - org.eclipse.team.cvs.ui - 3.3.302.R36x_v20110203-1036
2011-10-08 14:46:52,759 - org.eclipse.mylyn.team.ui - 3.4.3.v20110131-0100-e3x
2011-10-08 14:46:52,782 - org.eclipse.gef - 3.6.2.v20110110-2020
2011-10-08 14:46:52,785 - org.apache.commons.net - 2.0.0.v200905272248
2011-10-08 14:46:52,785 - org.eclipse.rse.services.files.ftp - 3.0.200.v201004072040
2011-10-08 14:46:52,785 - org.eclipse.rse.subsystems.files.ftp - 2.1.100.v200905272300
2011-10-08 14:46:52,788 - com.motorola.studio.platform.core.product - 3.1.1
2011-10-08 14:46:52,788 - com.motorola.studio.platform.ui.intro - 3.1.0
2011-10-08 14:46:52,788 - com.motorola.studio.platform.feature.branding - 3.1.1
2011-10-08 14:46:52,788 - com.motorola.studio.platform.logger.collector - 3.0.0
2011-10-08 14:46:52,791 - org.eclipse.mylyn - 3.4.0.v20110131-0200-e3x
2011-10-08 14:46:52,791 - org.eclipse.mylyn.context.core - 3.4.1.v20100909-0100-e3x
2011-10-08 14:46:52,791 - org.eclipse.mylyn.tasks.ui - 3.4.3.v20110131-0100-e3x
2011-10-08 14:46:52,791 - org.eclipse.mylyn.monitor.ui - 3.4.1.v20110131-0100-e3x
2011-10-08 14:46:52,791 - org.eclipse.mylyn.tasks.core - 3.4.2.v20110131-0300-e3x
2011-10-08 14:46:52,791 - org.eclipse.mylyn.tasks.search - 3.4.0.v20100608-0100-e3x
2011-10-08 14:46:52,792 - org.eclipse.mylyn.monitor.core - 3.4.0.v20100608-0100-e3x
2011-10-08 14:46:52,792 - org.apache.commons.logging - 1.0.4.v201005080501
2011-10-08 14:46:52,793 - org.apache.commons.codec - 1.3.0.v20100518-1140
2011-10-08 14:46:52,793 - org.apache.commons.httpclient - 3.1.0.v201005080502
2011-10-08 14:46:52,793 - org.apache.commons.lang - 2.3.0.v201005080501
2011-10-08 14:46:52,793 - org.eclipse.mylyn.discovery.core - 3.4.0.v20110131-0100-e3x
2011-10-08 14:46:52,794 - org.eclipse.mylyn.discovery.ui - 3.4.0.v20110131-0100-e3x
2011-10-08 14:46:52,812 - org.eclipse.datatools.connectivity.sqm.core.ui - 1.2.0.v201002281800
2011-10-08 14:46:52,812 - org.eclipse.datatools.connectivity.sqm.core - 1.2.1.v201010090204
2011-10-08 14:46:52,812 - org.eclipse.datatools.connectivity.sqm.server.ui - 1.1.100.v201009280455
2011-10-08 14:46:52,812 - org.eclipse.datatools.connectivity.ui.dse - 1.1.4.v201004270430
2011-10-08 14:46:52,812 - org.eclipse.datatools.connectivity.ui - 1.2.1.v201010211415
2011-10-08 14:46:52,812 - org.eclipse.datatools.connectivity - 1.2.2.v201010220354
2011-10-08 14:46:52,813 - org.eclipse.datatools.help - 1.5.0.v200906020553
2011-10-08 14:46:52,813 - org.eclipse.datatools.connectivity.console.profile - 1.0.0.v200906020553
2011-10-08 14:46:52,848 - org.eclipse.datatools.sqltools.common.ui - 1.0.0.v200906022302
2011-10-08 14:46:52,849 - org.eclipse.datatools.sqltools.debugger.core - 1.0.1.v201005250945
2011-10-08 14:46:52,849 - org.eclipse.datatools.sqltools.editor.core - 1.0.0.v201001150815
2011-10-08 14:46:52,849 - org.eclipse.datatools.sqltools.plan - 1.0.0.v200906022302
2011-10-08 14:46:52,849 - org.eclipse.datatools.sqltools.routineeditor - 1.0.0.v201003161000
2011-10-08 14:46:52,849 - org.eclipse.datatools.sqltools.sql - 1.0.0.v200906022302
2011-10-08 14:46:52,849 - org.eclipse.datatools.sqltools.sqleditor - 1.0.2.v201009230800
2011-10-08 14:46:52,849 - org.eclipse.datatools.sqltools.sqlscrapbook - 1.0.1.v201005250945
2011-10-08 14:46:52,849 - org.eclipse.datatools.help - 1.5.0.v200906020553
2011-10-08 14:46:52,849 - org.eclipse.datatools.sqltools.db.generic - 1.0.0.v200906020900
2011-10-08 14:46:52,850 - org.eclipse.datatools.sqltools.debugger.core.ui - 1.0.0.v201003161000
2011-10-08 14:46:52,850 - org.eclipse.datatools.sqltools.editor.core.ui - 1.0.0.v201001150815
2011-10-08 14:46:52,850 - org.eclipse.datatools.sqltools.result.ui - 1.1.1.v201101140400
2011-10-08 14:46:52,850 - org.eclipse.datatools.sqltools.routineeditor.ui - 1.0.1.v201004060545
2011-10-08 14:46:52,850 - org.eclipse.datatools.sqltools.sql.ui - 1.0.0.v200906022302
2011-10-08 14:46:52,854 - com.ibm.icu - 4.2.1.v20100412
2011-10-08 14:46:52,855 - org.eclipse.core.commands - 3.6.0.I20100512-1500
2011-10-08 14:46:52,855 - org.eclipse.core.databinding - 1.3.100.I20100601-0800
2011-10-08 14:46:52,855 - org.eclipse.core.databinding.observable - 1.3.0.I20100601-0800
2011-10-08 14:46:52,856 - org.eclipse.core.databinding.property - 1.3.0.I20100601-0800
2011-10-08 14:46:52,857 - org.eclipse.core.databinding.beans - 1.2.100.I20100601-0800
2011-10-08 14:46:52,857 - org.eclipse.core.jobs - 3.5.1.R36x_v20100824
2011-10-08 14:46:52,857 - org.eclipse.core.expressions - 3.4.200.v20100505
2011-10-08 14:46:52,857 - org.eclipse.core.runtime - 3.6.0.v20100505
2011-10-08 14:46:52,857 - org.eclipse.core.runtime.compatibility.auth - 3.2.200.v20100517
2011-10-08 14:46:52,857 - org.eclipse.osgi - 3.6.2.R36x_v20110210
2011-10-08 14:46:52,858 - org.eclipse.osgi.services - 3.2.100.v20100503
2011-10-08 14:46:52,858 - org.eclipse.help - 3.5.0.v20100524
2011-10-08 14:46:52,859 - org.eclipse.swt - 3.6.2.v3659c
2011-10-08 14:46:52,859 - org.eclipse.jface - 3.6.2.M20110210-1200
2011-10-08 14:46:52,860 - org.eclipse.jface.databinding - 1.4.0.I20100601-0800
2011-10-08 14:46:52,860 - org.eclipse.ui - 3.6.2.M20110203-1100
2011-10-08 14:46:52,860 - org.eclipse.ui.workbench - 3.6.2.M20110210-1200
2011-10-08 14:46:52,860 - org.eclipse.update.configurator - 3.3.100.v20100512
2011-10-08 14:46:52,860 - org.eclipse.equinox.simpleconfigurator - 1.0.200.v20100503
2011-10-08 14:46:52,865 - org.eclipse.swt.gtk.linux.x86 - 3.6.2.v3659b
2011-10-08 14:46:52,866 - org.eclipse.rcp - 3.6.0.v201102101200
2011-10-08 14:46:52,866 - org.eclipse.core.contenttype - 3.4.100.v20100505-1235
2011-10-08 14:46:52,866 - org.eclipse.equinox.app - 1.3.1.R36x_v20100803
2011-10-08 14:46:52,866 - org.eclipse.equinox.common - 3.6.0.v20100503
2011-10-08 14:46:52,866 - org.eclipse.equinox.ds - 1.2.1.R36x_v20100803
2011-10-08 14:46:52,866 - org.eclipse.equinox.util - 1.0.200.v20100503
2011-10-08 14:46:52,866 - org.eclipse.equinox.preferences - 3.3.0.v20100503
2011-10-08 14:46:52,866 - org.eclipse.equinox.registry - 3.5.0.v20100503
2011-10-08 14:46:52,867 - org.eclipse.equinox.launcher - 1.1.1.R36x_v20101122_1400
2011-10-08 14:46:52,876 - org.eclipse.equinox.launcher.gtk.linux.x86 - 1.1.2.R36x_v20101019_1345
2011-10-08 14:46:52,879 - com.motorolamobility.preflighting - 0.8.0.release
2011-10-08 14:46:52,879 - com.motorolamobility.preflighting.core - 0.8.0.release
2011-10-08 14:46:52,880 - com.motorolamobility.preflighting.checkers - 0.8.0.release
2011-10-08 14:46:52,882 - org.eclipse.emf.mapping.ecore - 2.6.0.v20100914-1218
2011-10-08 14:46:52,882 - org.eclipse.emf.mapping.ecore2ecore - 2.5.0.v20100521-1847
2011-10-08 14:46:52,883 - org.eclipse.emf.mapping.ecore2xml - 2.5.0.v20100521-1847
2011-10-08 14:46:52,908 - org.eclipse.rse.useractions - 1.1.100.v200905272300
2011-10-08 14:46:52,913 - org.eclipse.rse - 3.2.2.R32x_v201102011435
2011-10-08 14:46:52,931 - org.eclipse.wst.jsdt.core - 1.1.4.v201102102045
2011-10-08 14:46:52,931 - org.eclipse.wst.jsdt.manipulation - 1.0.200.v201004150600
2011-10-08 14:46:52,932 - org.eclipse.wst.jsdt.ui - 1.1.4.v201102160540
2011-10-08 14:46:52,932 - org.eclipse.wst.jsdt.support.firefox - 1.0.300.v201004150600
2011-10-08 14:46:52,932 - org.eclipse.wst.jsdt.support.ie - 1.0.300.v201004150600
2011-10-08 14:46:52,932 - org.eclipse.wst.jsdt.doc - 1.0.301.v201007150153
2011-10-08 14:46:52,932 - org.eclipse.wst.jsdt.debug.core - 1.0.3.v201011040143
2011-10-08 14:46:52,932 - org.eclipse.wst.jsdt.debug.rhino - 1.0.1.v201008170101
2011-10-08 14:46:52,933 - org.eclipse.wst.jsdt.debug.rhino.debugger - 1.0.1.v201008170101
2011-10-08 14:46:52,933 - org.eclipse.wst.jsdt.debug.ui - 1.0.3.v201011040143
2011-10-08 14:46:52,934 - org.mozilla.javascript - 1.7.2.v201005080400
2011-10-08 14:46:52,936 - org.eclipse.emf.mapping.ui - 2.6.0.v20100914-1218
2011-10-08 14:46:52,939 - org.eclipse.emf.codegen - 2.6.0.v20100914-1218
